2026-04-02 00:21:39.696 WARN  [HikariPool-1 housekeeper] com.zaxxer.hikari.pool.HikariPool - HikariPool-1 - Thread starvation or clock leap detected (housekeeper delta=51m42s88ms).
2026-04-02 00:58:48.403 WARN  [HikariPool-1 housekeeper] com.zaxxer.hikari.pool.HikariPool - HikariPool-1 - Thread starvation or clock leap detected (housekeeper delta=36m8s656ms).
2026-04-02 01:00:55.838 WARN  [HikariPool-1 housekeeper] com.zaxxer.hikari.pool.HikariPool - HikariPool-1 - Thread starvation or clock leap detected (housekeeper delta=1m37s421ms).
2026-04-02 01:37:06.004 WARN  [HikariPool-1 housekeeper] com.zaxxer.hikari.pool.HikariPool - HikariPool-1 - Thread starvation or clock leap detected (housekeeper delta=35m40s151ms).
2026-04-02 02:00:01.463 WARN  [HikariPool-1 housekeeper] com.zaxxer.hikari.pool.HikariPool - HikariPool-1 - Thread starvation or clock leap detected (housekeeper delta=21m55s436ms).
2026-04-02 02:16:35.146 WARN  [HikariPool-1 housekeeper] com.zaxxer.hikari.pool.HikariPool - HikariPool-1 - Thread starvation or clock leap detected (housekeeper delta=16m33s683ms).
2026-04-02 02:51:10.538 WARN  [HikariPool-1 housekeeper] com.zaxxer.hikari.pool.HikariPool - HikariPool-1 - Thread starvation or clock leap detected (housekeeper delta=34m5s382ms).
2026-04-02 03:39:52.435 WARN  [HikariPool-1 housekeeper] com.zaxxer.hikari.pool.HikariPool - HikariPool-1 - Thread starvation or clock leap detected (housekeeper delta=47m8s85ms).
2026-04-02 03:57:42.145 WARN  [HikariPool-1 housekeeper] com.zaxxer.hikari.pool.HikariPool - HikariPool-1 - Thread starvation or clock leap detected (housekeeper delta=17m49s710ms).
2026-04-02 04:31:21.002 WARN  [HikariPool-1 housekeeper] com.zaxxer.hikari.pool.HikariPool - HikariPool-1 - Thread starvation or clock leap detected (housekeeper delta=33m8s854ms).
2026-04-02 05:05:51.908 WARN  [HikariPool-1 housekeeper] com.zaxxer.hikari.pool.HikariPool - HikariPool-1 - Thread starvation or clock leap detected (housekeeper delta=34m894ms).
2026-04-02 05:23:18.310 WARN  [HikariPool-1 housekeeper] com.zaxxer.hikari.pool.HikariPool - HikariPool-1 - Thread starvation or clock leap detected (housekeeper delta=16m26s385ms).
2026-04-02 06:00:19.780 WARN  [HikariPool-1 housekeeper] com.zaxxer.hikari.pool.HikariPool - HikariPool-1 - Thread starvation or clock leap detected (housekeeper delta=36m31s458ms).
2026-04-02 06:20:02.902 WARN  [HikariPool-1 housekeeper] com.zaxxer.hikari.pool.HikariPool - HikariPool-1 - Thread starvation or clock leap detected (housekeeper delta=18m7s62ms).
2026-04-02 06:52:49.221 WARN  [HikariPool-1 housekeeper] com.zaxxer.hikari.pool.HikariPool - HikariPool-1 - Thread starvation or clock leap detected (housekeeper delta=32m46s320ms).
2026-04-02 07:00:10.034 WARN  [HikariPool-1 housekeeper] com.zaxxer.hikari.pool.HikariPool - HikariPool-1 - Thread starvation or clock leap detected (housekeeper delta=6m50s805ms).
2026-04-02 07:18:57.108 WARN  [HikariPool-1 housekeeper] com.zaxxer.hikari.pool.HikariPool - HikariPool-1 - Thread starvation or clock leap detected (housekeeper delta=18m12s83ms).
2026-04-02 07:21:27.415 WARN  [HikariPool-1 housekeeper] com.zaxxer.hikari.pool.HikariPool - HikariPool-1 - Thread starvation or clock leap detected (housekeeper delta=2m304ms).
2026-04-02 07:39:06.747 WARN  [HikariPool-1 housekeeper] com.zaxxer.hikari.pool.HikariPool - HikariPool-1 - Thread starvation or clock leap detected (housekeeper delta=17m9s316ms).
2026-04-02 08:00:21.234 WARN  [HikariPool-1 housekeeper] com.zaxxer.hikari.pool.HikariPool - HikariPool-1 - Thread starvation or clock leap detected (housekeeper delta=20m44s482ms).
2026-04-02 08:17:47.193 WARN  [HikariPool-1 housekeeper] com.zaxxer.hikari.pool.HikariPool - HikariPool-1 - Thread starvation or clock leap detected (housekeeper delta=17m25s959ms).
2026-04-02 08:36:51.053 WARN  [HikariPool-1 housekeeper] com.zaxxer.hikari.pool.HikariPool - HikariPool-1 - Thread starvation or clock leap detected (housekeeper delta=19m3s860ms).
2026-04-02 08:54:52.437 WARN  [HikariPool-1 housekeeper] com.zaxxer.hikari.pool.HikariPool - HikariPool-1 - Thread starvation or clock leap detected (housekeeper delta=18m1s384ms).
2026-04-02 09:01:05.195 WARN  [HikariPool-1 housekeeper] com.zaxxer.hikari.pool.HikariPool - HikariPool-1 - Thread starvation or clock leap detected (housekeeper delta=6m12s758ms).
2026-04-02 09:38:14.153 WARN  [HikariPool-1 housekeeper] com.zaxxer.hikari.pool.HikariPool - HikariPool-1 - Thread starvation or clock leap detected (housekeeper delta=36m38s947ms).
2026-04-02 10:02:16.130 WARN  [HikariPool-1 housekeeper] com.zaxxer.hikari.pool.HikariPool - HikariPool-1 - Thread starvation or clock leap detected (housekeeper delta=23m31s968ms).
2026-04-02 10:37:48.741 WARN  [HikariPool-1 housekeeper] com.zaxxer.hikari.pool.HikariPool - HikariPool-1 - Thread starvation or clock leap detected (housekeeper delta=34m32s586ms).
2026-04-02 11:03:10.781 WARN  [HikariPool-1 housekeeper] com.zaxxer.hikari.pool.HikariPool - HikariPool-1 - Thread starvation or clock leap detected (housekeeper delta=24m52s32ms).
2026-04-02 11:20:25.778 WARN  [HikariPool-1 housekeeper] com.zaxxer.hikari.pool.HikariPool - HikariPool-1 - Thread starvation or clock leap detected (housekeeper delta=16m44s982ms).
2026-04-02 12:04:10.993 WARN  [HikariPool-1 housekeeper] com.zaxxer.hikari.pool.HikariPool - HikariPool-1 - Thread starvation or clock leap detected (housekeeper delta=43m15s200ms).
2026-04-02 12:36:57.866 WARN  [HikariPool-1 housekeeper] com.zaxxer.hikari.pool.HikariPool - HikariPool-1 - Thread starvation or clock leap detected (housekeeper delta=32m46s873ms).
2026-04-02 12:55:31.625 WARN  [HikariPool-1 housekeeper] com.zaxxer.hikari.pool.HikariPool - HikariPool-1 - Thread starvation or clock leap detected (housekeeper delta=17m33s736ms).
2026-04-02 13:05:32.348 WARN  [HikariPool-1 housekeeper] com.zaxxer.hikari.pool.HikariPool - HikariPool-1 - Thread starvation or clock leap detected (housekeeper delta=10m724ms).
2026-04-02 13:15:59.917 WARN  [HikariPool-1 housekeeper] com.zaxxer.hikari.pool.HikariPool - HikariPool-1 - Thread starvation or clock leap detected (housekeeper delta=10m27s568ms).
2026-04-02 13:48:37.860 WARN  [HikariPool-1 housekeeper] com.zaxxer.hikari.pool.HikariPool - HikariPool-1 - Thread starvation or clock leap detected (housekeeper delta=32m7s933ms).
2026-04-02 14:06:20.643 WARN  [HikariPool-1 housekeeper] com.zaxxer.hikari.pool.HikariPool - HikariPool-1 - Thread starvation or clock leap detected (housekeeper delta=16m42s761ms).
2026-04-02 14:17:28.774 WARN  [HikariPool-1 housekeeper] com.zaxxer.hikari.pool.HikariPool - HikariPool-1 - Thread starvation or clock leap detected (housekeeper delta=10m38s117ms).
2026-04-02 14:50:13.226 WARN  [HikariPool-1 housekeeper] com.zaxxer.hikari.pool.HikariPool - HikariPool-1 - Thread starvation or clock leap detected (housekeeper delta=32m44s452ms).
2026-04-02 15:07:08.951 WARN  [HikariPool-1 housekeeper] com.zaxxer.hikari.pool.HikariPool - HikariPool-1 - Thread starvation or clock leap detected (housekeeper delta=16m25s717ms).
2026-04-02 15:13:03.533 WARN  [HikariPool-1 housekeeper] com.zaxxer.hikari.pool.HikariPool - HikariPool-1 - Thread starvation or clock leap detected (housekeeper delta=5m24s572ms).
2026-04-02 16:02:39.604 WARN  [HikariPool-1 housekeeper] com.zaxxer.hikari.pool.HikariPool - HikariPool-1 - Thread starvation or clock leap detected (housekeeper delta=47m52s275ms).
2026-04-02 16:06:22.495 WARN  [HikariPool-1 housekeeper] com.zaxxer.hikari.pool.HikariPool - HikariPool-1 - Thread starvation or clock leap detected (housekeeper delta=2m42s883ms).
2026-04-02 16:17:40.885 INFO  [SpringApplicationShutdownHook] o.s.o.j.LocalContainerEntityManagerFactoryBean - Closing JPA EntityManagerFactory for persistence unit 'default'
2026-04-02 16:17:40.892 INFO  [SpringApplicationShutdownHook] com.zaxxer.hikari.HikariDataSource - HikariPool-1 - Shutdown initiated...
2026-04-02 16:17:40.895 INFO  [SpringApplicationShutdownHook] com.zaxxer.hikari.HikariDataSource - HikariPool-1 - Shutdown completed.
2026-04-02 16:26:18.583 INFO  [background-preinit] o.h.validator.internal.util.Version - HV000001: Hibernate Validator 8.0.1.Final
2026-04-02 16:26:18.598 INFO  [main] com.demo.DemoApplication - Starting DemoApplication using Java 25.0.1 with PID 88402 (/Users/sandeep/code/hhcc-app/backend-api/target/classes started by sandeep in /Users/sandeep/code/hhcc-app/backend-api)
2026-04-02 16:26:18.598 DEBUG [main] com.demo.DemoApplication - Running with Spring Boot v3.2.4, Spring v6.1.5
2026-04-02 16:26:18.598 INFO  [main] com.demo.DemoApplication - No active profile set, falling back to 1 default profile: "default"
2026-04-02 16:26:18.812 INFO  [main] o.s.d.r.c.RepositoryConfigurationDelegate - Bootstrapping Spring Data JPA repositories in DEFAULT mode.
2026-04-02 16:26:18.835 INFO  [main] o.s.d.r.c.RepositoryConfigurationDelegate - Finished Spring Data repository scanning in 20 ms. Found 7 JPA repository interfaces.
2026-04-02 16:26:18.978 INFO  [main] o.s.b.w.e.tomcat.TomcatWebServer - Tomcat initialized with port 8081 (http)
2026-04-02 16:26:18.981 INFO  [main] o.a.coyote.http11.Http11NioProtocol - Initializing ProtocolHandler ["http-nio-8081"]
2026-04-02 16:26:18.982 INFO  [main] o.a.catalina.core.StandardService - Starting service [Tomcat]
2026-04-02 16:26:18.982 INFO  [main] o.a.catalina.core.StandardEngine - Starting Servlet engine: [Apache Tomcat/10.1.19]
2026-04-02 16:26:19.000 INFO  [main] o.a.c.c.C.[Tomcat].[localhost].[/] - Initializing Spring embedded WebApplicationContext
2026-04-02 16:26:19.001 INFO  [main] o.s.b.w.s.c.ServletWebServerApplicationContext - Root WebApplicationContext: initialization completed in 388 ms
2026-04-02 16:26:19.028 INFO  [main] com.zaxxer.hikari.HikariDataSource - HikariPool-1 - Starting...
2026-04-02 16:26:19.234 INFO  [main] com.zaxxer.hikari.pool.HikariPool - HikariPool-1 - Added connection org.sqlite.jdbc4.JDBC4Connection@73ca34e7
2026-04-02 16:26:19.234 INFO  [main] com.zaxxer.hikari.HikariDataSource - HikariPool-1 - Start completed.
2026-04-02 16:26:19.266 INFO  [main] o.h.jpa.internal.util.LogHelper - HHH000204: Processing PersistenceUnitInfo [name: default]
2026-04-02 16:26:19.288 INFO  [main] org.hibernate.Version - HHH000412: Hibernate ORM core version 6.4.4.Final
2026-04-02 16:26:19.299 INFO  [main] o.h.c.i.RegionFactoryInitiator - HHH000026: Second-level cache disabled
2026-04-02 16:26:19.380 INFO  [main] o.s.o.j.p.SpringPersistenceUnitInfo - No LoadTimeWeaver setup: ignoring JPA class transformer
2026-04-02 16:26:19.693 INFO  [main] o.h.e.t.j.p.i.JtaPlatformInitiator - HHH000489: No JTA platform available (set 'hibernate.transaction.jta.platform' to enable JTA platform integration)
2026-04-02 16:26:19.703 INFO  [main] o.s.o.j.LocalContainerEntityManagerFactoryBean - Initialized JPA EntityManagerFactory for persistence unit 'default'
2026-04-02 16:26:19.767 INFO  [main] o.s.d.j.r.query.QueryEnhancerFactory - Hibernate is in classpath; If applicable, HQL parser will be used.
2026-04-02 16:26:20.061 INFO  [main] o.a.coyote.http11.Http11NioProtocol - Starting ProtocolHandler ["http-nio-8081"]
2026-04-02 16:26:20.071 INFO  [main] o.s.b.w.e.tomcat.TomcatWebServer - Tomcat started on port 8081 (http) with context path ''
2026-04-02 16:26:20.074 INFO  [main] com.demo.DemoApplication - Started DemoApplication in 1.627 seconds (process running for 1.732)
2026-04-02 16:30:24.567 INFO  [http-nio-8081-exec-1] o.a.c.c.C.[Tomcat].[localhost].[/] - Initializing Spring DispatcherServlet 'dispatcherServlet'
2026-04-02 16:30:24.567 INFO  [http-nio-8081-exec-1] o.s.web.servlet.DispatcherServlet - Initializing Servlet 'dispatcherServlet'
2026-04-02 16:30:24.570 INFO  [http-nio-8081-exec-1] o.s.web.servlet.DispatcherServlet - Completed initialization in 3 ms
2026-04-02 16:30:24.619 INFO  [http-nio-8081-exec-1] com.demo.controller.UserController - POST /api/users/login username='john_doe'
2026-04-02 16:30:24.619 INFO  [http-nio-8081-exec-1] com.demo.service.UserService - Login attempt for username='john_doe'
2026-04-02 16:30:24.649 DEBUG [http-nio-8081-exec-1] org.hibernate.SQL - 
    SELECT
        * 
    FROM
        users 
    WHERE
        username = ? 
    LIMIT
        1
2026-04-02 16:30:24.660 INFO  [http-nio-8081-exec-1] com.demo.service.UserService - Login successful for username='john_doe'
2026-04-02 16:30:24.660 INFO  [http-nio-8081-exec-1] com.demo.controller.UserController - Login success for username='john_doe'
2026-04-02 16:30:24.690 DEBUG [http-nio-8081-exec-3] com.demo.controller.PetController - GET /api/users/1/pets search='null' species='null'
2026-04-02 16:30:24.690 DEBUG [http-nio-8081-exec-2] c.d.c.FamilyMemberController - GET /api/users/1/family-members search='null' relationship='null'
2026-04-02 16:30:24.690 DEBUG [http-nio-8081-exec-3] com.demo.service.PetService - Fetching all pets for userId=1
2026-04-02 16:30:24.690 DEBUG [http-nio-8081-exec-2] c.demo.service.FamilyMemberService - Fetching all family members for userId=1
2026-04-02 16:30:24.691 DEBUG [http-nio-8081-exec-3] org.hibernate.SQL - 
    SELECT
        * 
    FROM
        pets 
    WHERE
        user_id = ?
2026-04-02 16:30:24.691 DEBUG [http-nio-8081-exec-2] org.hibernate.SQL - 
    SELECT
        * 
    FROM
        family_members 
    WHERE
        user_id = ?
2026-04-02 16:30:24.727 DEBUG [http-nio-8081-exec-4] org.hibernate.SQL - 
    select
        p1_0.id,
        p1_0.amount,
        p1_0.card_last4,
        p1_0.created_at,
        p1_0.method,
        p1_0.receipt_url,
        p1_0.status,
        p1_0.transaction_id,
        p1_0.user_id 
    from
        payments p1_0 
    where
        p1_0.user_id=?
2026-04-02 16:30:47.013 INFO  [http-nio-8081-exec-6] c.demo.controller.PaymentController - Stripe PaymentIntent created: pi_3THrt4F53aB0Dwdp1V5RRgAb
2026-04-02 16:30:47.023 DEBUG [http-nio-8081-exec-6] org.hibernate.SQL - 
    insert 
    into
        payments
        (amount, card_last4, created_at, method, receipt_url, status, transaction_id, user_id) 
    values
        (?, ?, ?, ?, ?, ?, ?, ?)
2026-04-02 16:30:47.024 DEBUG [http-nio-8081-exec-6] org.hibernate.SQL - 
    select
        last_insert_rowid()
2026-04-02 16:30:47.028 DEBUG [http-nio-8081-exec-6] com.demo.service.UserService - Fetching user by id=1
2026-04-02 16:30:47.030 DEBUG [http-nio-8081-exec-6] org.hibernate.SQL - 
    select
        u1_0.id,
        u1_0.email,
        u1_0.password,
        u1_0.role,
        u1_0.username 
    from
        users u1_0 
    where
        u1_0.id=?
2026-04-02 16:30:52.077 DEBUG [http-nio-8081-exec-7] c.d.c.FamilyMemberController - GET /api/users/1/family-members search='null' relationship='null'
2026-04-02 16:30:52.077 DEBUG [http-nio-8081-exec-7] c.demo.service.FamilyMemberService - Fetching all family members for userId=1
2026-04-02 16:30:52.078 DEBUG [http-nio-8081-exec-8] com.demo.controller.PetController - GET /api/users/1/pets search='null' species='null'
2026-04-02 16:30:52.078 DEBUG [http-nio-8081-exec-8] com.demo.service.PetService - Fetching all pets for userId=1
2026-04-02 16:30:52.079 DEBUG [http-nio-8081-exec-8] org.hibernate.SQL - 
    SELECT
        * 
    FROM
        pets 
    WHERE
        user_id = ?
2026-04-02 16:30:52.079 DEBUG [http-nio-8081-exec-7] org.hibernate.SQL - 
    SELECT
        * 
    FROM
        family_members 
    WHERE
        user_id = ?
2026-04-02 16:30:52.080 DEBUG [http-nio-8081-exec-9] org.hibernate.SQL - 
    select
        p1_0.id,
        p1_0.amount,
        p1_0.card_last4,
        p1_0.created_at,
        p1_0.method,
        p1_0.receipt_url,
        p1_0.status,
        p1_0.transaction_id,
        p1_0.user_id 
    from
        payments p1_0 
    where
        p1_0.user_id=?
2026-04-02 16:31:41.344 INFO  [http-nio-8081-exec-1] com.demo.controller.UserController - PUT /api/users/1 username='john_doe'
2026-04-02 16:31:41.348 DEBUG [http-nio-8081-exec-1] org.hibernate.SQL - 
    select
        u1_0.id,
        u1_0.email,
        u1_0.password,
        u1_0.role,
        u1_0.username 
    from
        users u1_0 
    where
        u1_0.id=?
2026-04-02 16:31:41.350 DEBUG [http-nio-8081-exec-1] com.demo.service.UserService - Checking existence for email='sksandeep16@gmail.com'
2026-04-02 16:31:41.352 DEBUG [http-nio-8081-exec-1] org.hibernate.SQL - 
    SELECT
        COUNT(*) 
    FROM
        users 
    WHERE
        email = ?
2026-04-02 16:31:41.357 DEBUG [http-nio-8081-exec-1] org.hibernate.SQL - 
    select
        u1_0.id,
        u1_0.email,
        u1_0.password,
        u1_0.role,
        u1_0.username 
    from
        users u1_0 
    where
        u1_0.id=?
2026-04-02 16:31:41.366 DEBUG [http-nio-8081-exec-1] org.hibernate.SQL - 
    update
        users 
    set
        email=?,
        password=?,
        role=?,
        username=? 
    where
        id=?
2026-04-02 16:31:41.368 INFO  [http-nio-8081-exec-1] com.demo.service.UserService - Profile updated for id=1
2026-04-02 16:32:20.747 INFO  [http-nio-8081-exec-2] com.demo.controller.UserController - POST /api/users/login username='jane_smith'
2026-04-02 16:32:20.750 INFO  [http-nio-8081-exec-2] com.demo.service.UserService - Login attempt for username='jane_smith'
2026-04-02 16:32:20.752 DEBUG [http-nio-8081-exec-2] org.hibernate.SQL - 
    SELECT
        * 
    FROM
        users 
    WHERE
        username = ? 
    LIMIT
        1
2026-04-02 16:32:20.754 INFO  [http-nio-8081-exec-2] com.demo.service.UserService - Login successful for username='jane_smith'
2026-04-02 16:32:20.754 INFO  [http-nio-8081-exec-2] com.demo.controller.UserController - Login success for username='jane_smith'
2026-04-02 16:32:20.780 DEBUG [http-nio-8081-exec-4] com.demo.controller.PetController - GET /api/users/2/pets search='null' species='null'
2026-04-02 16:32:20.780 DEBUG [http-nio-8081-exec-3] c.d.c.FamilyMemberController - GET /api/users/2/family-members search='null' relationship='null'
2026-04-02 16:32:20.780 DEBUG [http-nio-8081-exec-4] com.demo.service.PetService - Fetching all pets for userId=2
2026-04-02 16:32:20.780 DEBUG [http-nio-8081-exec-3] c.demo.service.FamilyMemberService - Fetching all family members for userId=2
2026-04-02 16:32:20.780 DEBUG [http-nio-8081-exec-3] org.hibernate.SQL - 
    SELECT
        * 
    FROM
        family_members 
    WHERE
        user_id = ?
2026-04-02 16:32:20.780 DEBUG [http-nio-8081-exec-4] org.hibernate.SQL - 
    SELECT
        * 
    FROM
        pets 
    WHERE
        user_id = ?
2026-04-02 16:32:20.781 DEBUG [http-nio-8081-exec-5] org.hibernate.SQL - 
    select
        p1_0.id,
        p1_0.amount,
        p1_0.card_last4,
        p1_0.created_at,
        p1_0.method,
        p1_0.receipt_url,
        p1_0.status,
        p1_0.transaction_id,
        p1_0.user_id 
    from
        payments p1_0 
    where
        p1_0.user_id=?
2026-04-02 16:32:43.905 INFO  [http-nio-8081-exec-10] c.demo.controller.PaymentController - Stripe PaymentIntent created: pi_3THruxF53aB0Dwdp0bnDyHxL
2026-04-02 16:32:43.909 DEBUG [http-nio-8081-exec-10] org.hibernate.SQL - 
    insert 
    into
        payments
        (amount, card_last4, created_at, method, receipt_url, status, transaction_id, user_id) 
    values
        (?, ?, ?, ?, ?, ?, ?, ?)
2026-04-02 16:32:43.911 DEBUG [http-nio-8081-exec-10] org.hibernate.SQL - 
    select
        last_insert_rowid()
2026-04-02 16:32:43.912 DEBUG [http-nio-8081-exec-10] com.demo.service.UserService - Fetching user by id=2
2026-04-02 16:32:43.913 DEBUG [http-nio-8081-exec-10] org.hibernate.SQL - 
    select
        u1_0.id,
        u1_0.email,
        u1_0.password,
        u1_0.role,
        u1_0.username 
    from
        users u1_0 
    where
        u1_0.id=?
2026-04-02 16:32:48.946 DEBUG [http-nio-8081-exec-7] com.demo.controller.PetController - GET /api/users/2/pets search='null' species='null'
2026-04-02 16:32:48.946 DEBUG [http-nio-8081-exec-8] c.d.c.FamilyMemberController - GET /api/users/2/family-members search='null' relationship='null'
2026-04-02 16:32:48.947 DEBUG [http-nio-8081-exec-7] com.demo.service.PetService - Fetching all pets for userId=2
2026-04-02 16:32:48.947 DEBUG [http-nio-8081-exec-8] c.demo.service.FamilyMemberService - Fetching all family members for userId=2
2026-04-02 16:32:48.947 DEBUG [http-nio-8081-exec-8] org.hibernate.SQL - 
    SELECT
        * 
    FROM
        family_members 
    WHERE
        user_id = ?
2026-04-02 16:32:48.947 DEBUG [http-nio-8081-exec-7] org.hibernate.SQL - 
    SELECT
        * 
    FROM
        pets 
    WHERE
        user_id = ?
2026-04-02 16:32:48.947 DEBUG [http-nio-8081-exec-9] org.hibernate.SQL - 
    select
        p1_0.id,
        p1_0.amount,
        p1_0.card_last4,
        p1_0.created_at,
        p1_0.method,
        p1_0.receipt_url,
        p1_0.status,
        p1_0.transaction_id,
        p1_0.user_id 
    from
        payments p1_0 
    where
        p1_0.user_id=?
2026-04-02 16:52:06.421 INFO  [SpringApplicationShutdownHook] o.s.o.j.LocalContainerEntityManagerFactoryBean - Closing JPA EntityManagerFactory for persistence unit 'default'
2026-04-02 16:52:06.427 INFO  [SpringApplicationShutdownHook] com.zaxxer.hikari.HikariDataSource - HikariPool-1 - Shutdown initiated...
2026-04-02 16:52:06.432 INFO  [SpringApplicationShutdownHook] com.zaxxer.hikari.HikariDataSource - HikariPool-1 - Shutdown completed.
